13-02-2024 20:23:44.433 INFO: Incoming request | #1 | resource: /todo/size | HTTP Verb GET | request #1
13-02-2024 20:25:01.262 INFO: Incoming request | #1 | resource: /todo/size | HTTP Verb GET | request #1
13-02-2024 20:26:45.112 INFO: Incoming request | #1 | resource: /todo/size | HTTP Verb GET | request #1
13-02-2024 20:27:59.257 INFO: Incoming request | #1 | resource: /todo/size | HTTP Verb GET | request #1
13-02-2024 20:28:50.955 INFO: Incoming request | #2 | resource: /todo/size | HTTP Verb GET | request #2
13-02-2024 20:28:51.331 INFO: Incoming request | #3 | resource: /todo/size | HTTP Verb GET | request #3
13-02-2024 20:28:51.464 INFO: Incoming request | #4 | resource: /todo | HTTP Verb POST | request #4
13-02-2024 20:28:51.705 INFO: Incoming request | #4 | resource: /todo/size | HTTP Verb GET | request #4
13-02-2024 20:28:51.810 INFO: Incoming request | #5 | resource: /todo/size | HTTP Verb GET | request #5
13-02-2024 20:28:51.875 INFO: Incoming request | #6 | resource: /todo/size | HTTP Verb GET | request #6
13-02-2024 20:28:52.004 INFO: Incoming request | #7 | resource: /todo | HTTP Verb PUT | request #7
13-02-2024 20:28:52.599 INFO: Incoming request | #8 | resource: /todo/size | HTTP Verb GET | request #8
13-02-2024 20:28:52.696 INFO: Incoming request | #9 | resource: /todo/size | HTTP Verb GET | request #9
13-02-2024 20:28:52.878 INFO: Incoming request | #10 | resource: /todo | HTTP Verb POST | request #10
13-02-2024 20:28:53.099 INFO: Incoming request | #11 | resource: /todo/content | HTTP Verb GET | request #11
13-02-2024 20:28:53.253 INFO: Incoming request | #12 | resource: /todo/content | HTTP Verb GET | request #12
13-02-2024 20:28:53.376 INFO: Incoming request | #13 | resource: /todo | HTTP Verb DELETE | request #13
13-02-2024 20:28:53.507 INFO: Incoming request | #14 | resource: /todo/size | HTTP Verb GET | request #14
13-02-2024 20:28:53.579 INFO: Incoming request | #15 | resource: /todo/size | HTTP Verb GET | request #15
13-02-2024 20:34:46.149 INFO: Incoming request | #1 | resource: /todo/size | HTTP Verb GET | request #1
13-02-2024 20:34:48.718 INFO: Incoming request | #2 | resource: /todo/size | HTTP Verb GET | request #2
13-02-2024 20:34:48.851 INFO: Incoming request | #3 | resource: /todo | HTTP Verb POST | request #3
13-02-2024 20:34:48.954 INFO: Incoming request | #3 | resource: /todo/size | HTTP Verb GET | request #3
13-02-2024 20:34:49.079 INFO: Incoming request | #4 | resource: /todo/size | HTTP Verb GET | request #4
13-02-2024 20:34:49.200 INFO: Incoming request | #5 | resource: /todo/size | HTTP Verb GET | request #5
13-02-2024 20:34:49.306 INFO: Incoming request | #6 | resource: /todo | HTTP Verb PUT | request #6
13-02-2024 20:34:49.917 INFO: Incoming request | #7 | resource: /todo/size | HTTP Verb GET | request #7
13-02-2024 20:34:50.144 INFO: Incoming request | #8 | resource: /todo/size | HTTP Verb GET | request #8
13-02-2024 20:34:50.489 INFO: Incoming request | #9 | resource: /todo | HTTP Verb POST | request #9
13-02-2024 20:34:50.731 INFO: Incoming request | #10 | resource: /todo/content | HTTP Verb GET | request #10
13-02-2024 20:34:50.837 INFO: Incoming request | #11 | resource: /todo/content | HTTP Verb GET | request #11
13-02-2024 20:34:50.980 INFO: Incoming request | #12 | resource: /todo | HTTP Verb DELETE | request #12
13-02-2024 20:34:51.150 INFO: Incoming request | #13 | resource: /todo/size | HTTP Verb GET | request #13
13-02-2024 20:34:51.250 INFO: Incoming request | #14 | resource: /todo/size | HTTP Verb GET | request #14
